<?xml version="1.0" encoding="UTF-8"?>
<testng-results ignored="8" total="13" passed="3" failed="2" skipped="0">
  <reporter-output>
    <line>
      <![CDATA[---DataBasc connection established---]]>
    </line>
    <line>
      <![CDATA[Browser got Launched]]>
    </line>
    <line>
      <![CDATA[Logged in successfully]]>
    </line>
    <line>
      <![CDATA[Logged out successfully]]>
    </line>
    <line>
      <![CDATA[Browser got closed successfully]]>
    </line>
    <line>
      <![CDATA[Browser got Launched]]>
    </line>
    <line>
      <![CDATA[Logged in successfully]]>
    </line>
    <line>
      <![CDATA[Logged out successfully]]>
    </line>
    <line>
      <![CDATA[Browser got closed successfully]]>
    </line>
    <line>
      <![CDATA[Browser got Launched]]>
    </line>
    <line>
      <![CDATA[Logged in successfully]]>
    </line>
    <line>
      <![CDATA[Logged out successfully]]>
    </line>
    <line>
      <![CDATA[Browser got closed successfully]]>
    </line>
    <line>
      <![CDATA[Browser got Launched]]>
    </line>
    <line>
      <![CDATA[Logged in successfully]]>
    </line>
    <line>
      <![CDATA[Logged out successfully]]>
    </line>
    <line>
      <![CDATA[Browser got closed successfully]]>
    </line>
    <line>
      <![CDATA[Browser got Launched]]>
    </line>
    <line>
      <![CDATA[Logged in successfully]]>
    </line>
    <line>
      <![CDATA[Logged out successfully]]>
    </line>
    <line>
      <![CDATA[Browser got closed successfully]]>
    </line>
    <line>
      <![CDATA[---DataBasc Connection Disconnected---]]>
    </line>
  </reporter-output>
  <suite started-at="2025-04-03T10:36:07 IST" name="Suite" finished-at="2025-04-03T10:38:03 IST" duration-ms="115473">
    <groups>
      <group name="Regression">
        <method signature="ToCreateOrgTest.toCreateOrg_003()[pri:0, instance:OrganizationTest.ToCreateOrgTest@140c9f39]" name="toCreateOrg_003" class="OrganizationTest.ToCreateOrgTest"/>
        <method signature="ToCreateOrgWithIndustryTest.ToCreateOrgWithIndustry_004()[pri:0, instance:OrganizationTest.ToCreateOrgWithIndustryTest@4d910fd6]" name="ToCreateOrgWithIndustry_004" class="OrganizationTest.ToCreateOrgWithIndustryTest"/>
        <method signature="ToCreateOrgWithTypeTest.TocreateOrgWithType_004()[pri:0, instance:OrganizationTest.ToCreateOrgWithTypeTest@1f97cf0d]" name="TocreateOrgWithType_004" class="OrganizationTest.ToCreateOrgWithTypeTest"/>
      </group> <!-- Regression -->
      <group name="smoke">
        <method signature="ToCreatContactTest.toCreateContact_001()[pri:0, instance:contactTests.ToCreatContactTest@3972a855]" name="toCreateContact_001" class="contactTests.ToCreatContactTest"/>
        <method signature="ToCreateContactWithOrgTest.toCreateContactWithOrg_002()[pri:0, instance:contactTests.ToCreateContactWithOrgTest@26275bef]" name="toCreateContactWithOrg_002" class="contactTests.ToCreateContactWithOrgTest"/>
      </group> <!-- smoke -->
    </groups>
    <test started-at="2025-04-03T10:36:07 IST" name="Test" finished-at="2025-04-03T10:38:03 IST" duration-ms="115473">
      <class name="OrganizationTest.ToCreateOrgTest">
        <test-method is-config="true" signature="beforeClassConfiguration()[pri:0, instance:OrganizationTest.ToCreateOrgTest@140c9f39]" started-at="2025-04-03T10:36:49 IST" name="beforeClassConfiguration" finished-at="2025-04-03T10:36:52 IST" duration-ms="2191" status="PASS">
          <reporter-output>
            <line>
              <![CDATA[Browser got Launched]]>
            </line>
          </reporter-output>
        </test-method> <!-- beforeClassConfiguration -->
        <test-method is-config="true" signature="beforeMethodConfiguration()[pri:0, instance:OrganizationTest.ToCreateOrgTest@140c9f39]" started-at="2025-04-03T10:36:52 IST" name="beforeMethodConfiguration" finished-at="2025-04-03T10:36:55 IST" duration-ms="3123" status="PASS">
          <reporter-output>
            <line>
              <![CDATA[Logged in successfully]]>
            </line>
          </reporter-output>
        </test-method> <!-- beforeMethodConfiguration -->
        <test-method signature="toCreateOrg_003()[pri:0, instance:OrganizationTest.ToCreateOrgTest@140c9f39]" started-at="2025-04-03T10:36:55 IST" name="toCreateOrg_003" finished-at="2025-04-03T10:37:06 IST" duration-ms="11611" status="PASS">
          <reporter-output>
          </reporter-output>
        </test-method> <!-- toCreateOrg_003 -->
        <test-method is-config="true" signature="afterMethodConfiguration()[pri:0, instance:OrganizationTest.ToCreateOrgTest@140c9f39]" started-at="2025-04-03T10:37:06 IST" name="afterMethodConfiguration" finished-at="2025-04-03T10:37:08 IST" duration-ms="1884" status="PASS">
          <reporter-output>
            <line>
              <![CDATA[Logged out successfully]]>
            </line>
          </reporter-output>
        </test-method> <!-- afterMethodConfiguration -->
        <test-method is-config="true" signature="afterClassConfiguration()[pri:0, instance:OrganizationTest.ToCreateOrgTest@140c9f39]" started-at="2025-04-03T10:37:08 IST" name="afterClassConfiguration" finished-at="2025-04-03T10:37:09 IST" duration-ms="696" status="PASS">
          <reporter-output>
            <line>
              <![CDATA[Browser got closed successfully]]>
            </line>
          </reporter-output>
        </test-method> <!-- afterClassConfiguration -->
      </class> <!-- OrganizationTest.ToCreateOrgTest -->
      <class name="OrganizationTest.ToCreateOrgWithTypeTest">
        <test-method is-config="true" signature="beforeClassConfiguration()[pri:0, instance:OrganizationTest.ToCreateOrgWithTypeTest@1f97cf0d]" started-at="2025-04-03T10:36:29 IST" name="beforeClassConfiguration" finished-at="2025-04-03T10:36:31 IST" duration-ms="2210" status="PASS">
          <reporter-output>
            <line>
              <![CDATA[Browser got Launched]]>
            </line>
          </reporter-output>
        </test-method> <!-- beforeClassConfiguration -->
        <test-method is-config="true" signature="beforeMethodConfiguration()[pri:0, instance:OrganizationTest.ToCreateOrgWithTypeTest@1f97cf0d]" started-at="2025-04-03T10:36:31 IST" name="beforeMethodConfiguration" finished-at="2025-04-03T10:36:34 IST" duration-ms="2992" status="PASS">
          <reporter-output>
            <line>
              <![CDATA[Logged in successfully]]>
            </line>
          </reporter-output>
        </test-method> <!-- beforeMethodConfiguration -->
        <test-method signature="TocreateOrgWithType_004()[pri:0, instance:OrganizationTest.ToCreateOrgWithTypeTest@1f97cf0d]" started-at="2025-04-03T10:36:34 IST" name="TocreateOrgWithType_004" finished-at="2025-04-03T10:36:47 IST" duration-ms="12829" status="PASS">
          <reporter-output>
          </reporter-output>
        </test-method> <!-- TocreateOrgWithType_004 -->
        <test-method is-config="true" signature="afterMethodConfiguration()[pri:0, instance:OrganizationTest.ToCreateOrgWithTypeTest@1f97cf0d]" started-at="2025-04-03T10:36:47 IST" name="afterMethodConfiguration" finished-at="2025-04-03T10:36:49 IST" duration-ms="1627" status="PASS">
          <reporter-output>
            <line>
              <![CDATA[Logged out successfully]]>
            </line>
          </reporter-output>
        </test-method> <!-- afterMethodConfiguration -->
        <test-method is-config="true" signature="afterClassConfiguration()[pri:0, instance:OrganizationTest.ToCreateOrgWithTypeTest@1f97cf0d]" started-at="2025-04-03T10:36:49 IST" name="afterClassConfiguration" finished-at="2025-04-03T10:36:49 IST" duration-ms="699" status="PASS">
          <reporter-output>
            <line>
              <![CDATA[Browser got closed successfully]]>
            </line>
          </reporter-output>
        </test-method> <!-- afterClassConfiguration -->
      </class> <!-- OrganizationTest.ToCreateOrgWithTypeTest -->
      <class name="contactTests.ToCreatContactTest">
        <test-method is-config="true" signature="beforeSuiteConfiguration()[pri:0, instance:contactTests.ToCreatContactTest@3972a855]" started-at="2025-04-03T10:36:07 IST" name="beforeSuiteConfiguration" finished-at="2025-04-03T10:36:07 IST" duration-ms="7" status="PASS">
          <reporter-output>
            <line>
              <![CDATA[---DataBasc connection established---]]>
            </line>
          </reporter-output>
        </test-method> <!-- beforeSuiteConfiguration -->
        <test-method is-config="true" signature="beforeClassConfiguration()[pri:0, instance:contactTests.ToCreatContactTest@3972a855]" started-at="2025-04-03T10:36:07 IST" name="beforeClassConfiguration" finished-at="2025-04-03T10:36:10 IST" duration-ms="3026" status="PASS">
          <reporter-output>
            <line>
              <![CDATA[Browser got Launched]]>
            </line>
          </reporter-output>
        </test-method> <!-- beforeClassConfiguration -->
        <test-method is-config="true" signature="beforeMethodConfiguration()[pri:0, instance:contactTests.ToCreatContactTest@3972a855]" started-at="2025-04-03T10:36:10 IST" name="beforeMethodConfiguration" finished-at="2025-04-03T10:36:13 IST" duration-ms="2959" status="PASS">
          <reporter-output>
            <line>
              <![CDATA[Logged in successfully]]>
            </line>
          </reporter-output>
        </test-method> <!-- beforeMethodConfiguration -->
        <test-method signature="toCreateContact_001()[pri:0, instance:contactTests.ToCreatContactTest@3972a855]" started-at="2025-04-03T10:36:13 IST" name="toCreateContact_001" finished-at="2025-04-03T10:36:26 IST" duration-ms="13058" status="FAIL">
          <exception class="java.lang.AssertionError">
            <message>
              <![CDATA[null]]>
            </message>
            <full-stacktrace>
              <![CDATA[java.lang.AssertionError: null
at org.testng.Assert.fail(Assert.java:99)
at org.testng.Assert.fail(Assert.java:106)
at contactTests.ToCreatContactTest.toCreateContact_001(ToCreatContactTest.java:34)
at java.base/jdk.internal.reflect.DirectMethodHandleAccessor.invoke(DirectMethodHandleAccessor.java:103)
at java.base/java.lang.reflect.Method.invoke(Method.java:580)
at org.testng.internal.MethodInvocationHelper.invokeMethod(MethodInvocationHelper.java:133)
at org.testng.internal.TestInvoker.invokeMethod(TestInvoker.java:598)
at org.testng.internal.TestInvoker.invokeTestMethod(TestInvoker.java:173)
at org.testng.internal.MethodRunner.runInSequence(MethodRunner.java:46)
at org.testng.internal.TestInvoker$MethodInvocationAgent.invoke(TestInvoker.java:824)
at org.testng.internal.TestInvoker.invokeTestMethods(TestInvoker.java:146)
at org.testng.internal.TestMethodWorker.invokeTestMethods(TestMethodWorker.java:146)
at org.testng.internal.TestMethodWorker.run(TestMethodWorker.java:128)
at java.base/java.util.ArrayList.forEach(ArrayList.java:1597)
at org.testng.TestRunner.privateRun(TestRunner.java:794)
at org.testng.TestRunner.run(TestRunner.java:596)
at org.testng.SuiteRunner.runTest(SuiteRunner.java:377)
at org.testng.SuiteRunner.runSequentially(SuiteRunner.java:371)
at org.testng.SuiteRunner.privateRun(SuiteRunner.java:332)
at org.testng.SuiteRunner.run(SuiteRunner.java:276)
at org.testng.SuiteRunnerWorker.runSuite(SuiteRunnerWorker.java:53)
at org.testng.SuiteRunnerWorker.run(SuiteRunnerWorker.java:96)
at org.testng.TestNG.runSuitesSequentially(TestNG.java:1212)
at org.testng.TestNG.runSuitesLocally(TestNG.java:1134)
at org.testng.TestNG.runSuites(TestNG.java:1063)
at org.testng.TestNG.run(TestNG.java:1031)
at org.testng.remote.AbstractRemoteTestNG.run(AbstractRemoteTestNG.java:115)
at org.testng.remote.RemoteTestNG.initAndRun(RemoteTestNG.java:293)
at org.testng.remote.RemoteTestNG.main(RemoteTestNG.java:91)
]]>
            </full-stacktrace>
          </exception> <!-- java.lang.AssertionError -->
          <reporter-output>
          </reporter-output>
        </test-method> <!-- toCreateContact_001 -->
        <test-method is-config="true" signature="afterMethodConfiguration()[pri:0, instance:contactTests.ToCreatContactTest@3972a855]" started-at="2025-04-03T10:36:27 IST" name="afterMethodConfiguration" finished-at="2025-04-03T10:36:28 IST" duration-ms="1657" status="PASS">
          <reporter-output>
            <line>
              <![CDATA[Logged out successfully]]>
            </line>
          </reporter-output>
        </test-method> <!-- afterMethodConfiguration -->
        <test-method is-config="true" signature="afterClassConfiguration()[pri:0, instance:contactTests.ToCreatContactTest@3972a855]" started-at="2025-04-03T10:36:28 IST" name="afterClassConfiguration" finished-at="2025-04-03T10:36:29 IST" duration-ms="714" status="PASS">
          <reporter-output>
            <line>
              <![CDATA[Browser got closed successfully]]>
            </line>
          </reporter-output>
        </test-method> <!-- afterClassConfiguration -->
        <test-method is-config="true" signature="afterSuiteConfiguration()[pri:0, instance:contactTests.ToCreatContactTest@3972a855]" started-at="2025-04-03T10:38:04 IST" name="afterSuiteConfiguration" finished-at="2025-04-03T10:38:04 IST" duration-ms="0" status="PASS">
          <reporter-output>
            <line>
              <![CDATA[---DataBasc Connection Disconnected---]]>
            </line>
          </reporter-output>
        </test-method> <!-- afterSuiteConfiguration -->
      </class> <!-- contactTests.ToCreatContactTest -->
      <class name="OrganizationTest.ToCreateOrgWithIndustryTest">
        <test-method is-config="true" signature="beforeClassConfiguration()[pri:0, instance:OrganizationTest.ToCreateOrgWithIndustryTest@4d910fd6]" started-at="2025-04-03T10:37:09 IST" name="beforeClassConfiguration" finished-at="2025-04-03T10:37:11 IST" duration-ms="2206" status="PASS">
          <reporter-output>
            <line>
              <![CDATA[Browser got Launched]]>
            </line>
          </reporter-output>
        </test-method> <!-- beforeClassConfiguration -->
        <test-method is-config="true" signature="beforeMethodConfiguration()[pri:0, instance:OrganizationTest.ToCreateOrgWithIndustryTest@4d910fd6]" started-at="2025-04-03T10:37:11 IST" name="beforeMethodConfiguration" finished-at="2025-04-03T10:37:14 IST" duration-ms="3241" status="PASS">
          <reporter-output>
            <line>
              <![CDATA[Logged in successfully]]>
            </line>
          </reporter-output>
        </test-method> <!-- beforeMethodConfiguration -->
        <test-method signature="ToCreateOrgWithIndustry_004()[pri:0, instance:OrganizationTest.ToCreateOrgWithIndustryTest@4d910fd6]" started-at="2025-04-03T10:37:14 IST" name="ToCreateOrgWithIndustry_004" finished-at="2025-04-03T10:37:37 IST" duration-ms="22928" status="FAIL">
          <exception class="org.openqa.selenium.NoSuchElementException">
            <message>
              <![CDATA[Cannot locate option with value: Chemical
For documentation on this error, please visit: https://www.selenium.dev/documentation/webdriver/troubleshooting/errors#no-such-element-exception
Build info: version: '4.12.1', revision: '8e34639b11'
System info: os.name: 'Windows 11', os.arch: 'amd64', os.version: '10.0', java.version: '23'
Driver info: driver.version: unknown]]>
            </message>
            <full-stacktrace>
              <![CDATA[org.openqa.selenium.NoSuchElementException: Cannot locate option with value: Chemical
For documentation on this error, please visit: https://www.selenium.dev/documentation/webdriver/troubleshooting/errors#no-such-element-exception
Build info: version: '4.12.1', revision: '8e34639b11'
System info: os.name: 'Windows 11', os.arch: 'amd64', os.version: '10.0', java.version: '23'
Driver info: driver.version: unknown
at org.openqa.selenium.support.ui.Select.findOptionsByValue(Select.java:289)
at org.openqa.selenium.support.ui.Select.selectByValue(Select.java:194)
at OrganizationTest.ToCreateOrgWithIndustryTest.ToCreateOrgWithIndustry_004(ToCreateOrgWithIndustryTest.java:38)
at java.base/jdk.internal.reflect.DirectMethodHandleAccessor.invoke(DirectMethodHandleAccessor.java:103)
at java.base/java.lang.reflect.Method.invoke(Method.java:580)
at org.testng.internal.MethodInvocationHelper.invokeMethod(MethodInvocationHelper.java:133)
at org.testng.internal.TestInvoker.invokeMethod(TestInvoker.java:598)
at org.testng.internal.TestInvoker.invokeTestMethod(TestInvoker.java:173)
at org.testng.internal.MethodRunner.runInSequence(MethodRunner.java:46)
at org.testng.internal.TestInvoker$MethodInvocationAgent.invoke(TestInvoker.java:824)
at org.testng.internal.TestInvoker.invokeTestMethods(TestInvoker.java:146)
at org.testng.internal.TestMethodWorker.invokeTestMethods(TestMethodWorker.java:146)
at org.testng.internal.TestMethodWorker.run(TestMethodWorker.java:128)
at java.base/java.util.ArrayList.forEach(ArrayList.java:1597)
at org.testng.TestRunner.privateRun(TestRunner.java:794)
at org.testng.TestRunner.run(TestRunner.java:596)
at org.testng.SuiteRunner.runTest(SuiteRunner.java:377)
at org.testng.SuiteRunner.runSequentially(SuiteRunner.java:371)
at org.testng.SuiteRunner.privateRun(SuiteRunner.java:332)
at org.testng.SuiteRunner.run(SuiteRunner.java:276)
at org.testng.SuiteRunnerWorker.runSuite(SuiteRunnerWorker.java:53)
at org.testng.SuiteRunnerWorker.run(SuiteRunnerWorker.java:96)
at org.testng.TestNG.runSuitesSequentially(TestNG.java:1212)
at org.testng.TestNG.runSuitesLocally(TestNG.java:1134)
at org.testng.TestNG.runSuites(TestNG.java:1063)
at org.testng.TestNG.run(TestNG.java:1031)
at org.testng.remote.AbstractRemoteTestNG.run(AbstractRemoteTestNG.java:115)
at org.testng.remote.RemoteTestNG.initAndRun(RemoteTestNG.java:293)
at org.testng.remote.RemoteTestNG.main(RemoteTestNG.java:91)
]]>
            </full-stacktrace>
          </exception> <!-- org.openqa.selenium.NoSuchElementException -->
          <reporter-output>
          </reporter-output>
        </test-method> <!-- ToCreateOrgWithIndustry_004 -->
        <test-method is-config="true" signature="afterMethodConfiguration()[pri:0, instance:OrganizationTest.ToCreateOrgWithIndustryTest@4d910fd6]" started-at="2025-04-03T10:37:38 IST" name="afterMethodConfiguration" finished-at="2025-04-03T10:37:39 IST" duration-ms="1850" status="PASS">
          <reporter-output>
            <line>
              <![CDATA[Logged out successfully]]>
            </line>
          </reporter-output>
        </test-method> <!-- afterMethodConfiguration -->
        <test-method is-config="true" signature="afterClassConfiguration()[pri:0, instance:OrganizationTest.ToCreateOrgWithIndustryTest@4d910fd6]" started-at="2025-04-03T10:37:39 IST" name="afterClassConfiguration" finished-at="2025-04-03T10:37:40 IST" duration-ms="625" status="PASS">
          <reporter-output>
            <line>
              <![CDATA[Browser got closed successfully]]>
            </line>
          </reporter-output>
        </test-method> <!-- afterClassConfiguration -->
      </class> <!-- OrganizationTest.ToCreateOrgWithIndustryTest -->
      <class name="contactTests.ToCreateContactWithOrgTest">
        <test-method is-config="true" signature="beforeClassConfiguration()[pri:0, instance:contactTests.ToCreateContactWithOrgTest@26275bef]" started-at="2025-04-03T10:37:40 IST" name="beforeClassConfiguration" finished-at="2025-04-03T10:37:42 IST" duration-ms="2104" status="PASS">
          <reporter-output>
            <line>
              <![CDATA[Browser got Launched]]>
            </line>
          </reporter-output>
        </test-method> <!-- beforeClassConfiguration -->
        <test-method is-config="true" signature="beforeMethodConfiguration()[pri:0, instance:contactTests.ToCreateContactWithOrgTest@26275bef]" started-at="2025-04-03T10:37:42 IST" name="beforeMethodConfiguration" finished-at="2025-04-03T10:37:42 IST" duration-ms="265" status="PASS">
          <reporter-output>
            <line>
              <![CDATA[Logged in successfully]]>
            </line>
          </reporter-output>
        </test-method> <!-- beforeMethodConfiguration -->
        <test-method signature="toCreateContactWithOrg_002()[pri:0, instance:contactTests.ToCreateContactWithOrgTest@26275bef]" started-at="2025-04-03T10:37:42 IST" name="toCreateContactWithOrg_002" finished-at="2025-04-03T10:38:00 IST" duration-ms="17658" status="PASS">
          <reporter-output>
          </reporter-output>
        </test-method> <!-- toCreateContactWithOrg_002 -->
        <test-method is-config="true" signature="afterMethodConfiguration()[pri:0, instance:contactTests.ToCreateContactWithOrgTest@26275bef]" started-at="2025-04-03T10:38:00 IST" name="afterMethodConfiguration" finished-at="2025-04-03T10:38:02 IST" duration-ms="1759" status="PASS">
          <reporter-output>
            <line>
              <![CDATA[Logged out successfully]]>
            </line>
          </reporter-output>
        </test-method> <!-- afterMethodConfiguration -->
        <test-method is-config="true" signature="afterClassConfiguration()[pri:0, instance:contactTests.ToCreateContactWithOrgTest@26275bef]" started-at="2025-04-03T10:38:02 IST" name="afterClassConfiguration" finished-at="2025-04-03T10:38:03 IST" duration-ms="759" status="PASS">
          <reporter-output>
            <line>
              <![CDATA[Browser got closed successfully]]>
            </line>
          </reporter-output>
        </test-method> <!-- afterClassConfiguration -->
      </class> <!-- contactTests.ToCreateContactWithOrgTest -->
    </test> <!-- Test -->
  </suite> <!-- Suite -->
</testng-results>
