<?xml version="1.0" encoding="UTF-8"?>
<!-- Generated by org.testng.reporters.JUnitXMLReporter -->
<testsuite ignored="0" hostname="bubly" failures="0" tests="1" name="Test2" time="0.059" errors="0" timestamp="2025-03-24T09:50:45 IST">
  <testcase classname="genericUtility.BaseClass" name="@BeforeTest beforeClassConfiguration" time="0.005">
    <failure type="java.lang.NullPointerException" message="Cannot invoke &amp;quot;org.openqa.selenium.WebDriver.manage()&amp;quot; because &amp;quot;driver&amp;quot; is null">
      <![CDATA[java.lang.NullPointerException: Cannot invoke "org.openqa.selenium.WebDriver.manage()" because "driver" is null
at genericUtility.WebDriverUtility.tomaximize(WebDriverUtility.java:28)
at genericUtility.BaseClass.beforeClassConfiguration(BaseClass.java:46)
at java.base/java.util.concurrent.FutureTask.run(FutureTask.java:317)
at java.base/java.util.concurrent.ThreadPoolExecutor.runWorker(ThreadPoolExecutor.java:1144)
at java.base/java.util.concurrent.ThreadPoolExecutor$Worker.run(ThreadPoolExecutor.java:642)
at java.base/java.lang.Thread.run(Thread.java:1575)
... Removed 13 stack frames]]>
    </failure>
  </testcase> <!-- @BeforeTest beforeClassConfiguration -->
  <testcase classname="genericUtility.BaseClass" name="@BeforeMethod beforeMethodConfiguration" time="-1.74279004508E9">
    <skipped/>
  </testcase> <!-- @BeforeMethod beforeMethodConfiguration -->
  <testcase classname="genericUtility.BaseClass" name="@AfterMethod afterMethodConfiguration" time="-1.742790045088E9">
    <skipped/>
  </testcase> <!-- @AfterMethod afterMethodConfiguration -->
  <testcase classname="genericUtility.BaseClass" name="@AfterClass afterClassConfiguration" time="-1.742790045095E9">
    <skipped/>
  </testcase> <!-- @AfterClass afterClassConfiguration -->
  <testcase classname="contactTests.ToCreateContactTest" name="toCreatContact_001" time="0.0">
    <skipped/>
  </testcase> <!-- toCreatContact_001 -->
</testsuite> <!-- Test2 -->
